<?xml version="1.0" encoding="UTF-8"?>
<!-- Generated by org.testng.reporters.JUnitReportReporter -->
<testsuite hostname="USP7L4YMWM32" name="testCases.VerifyLoginPage" tests="1" failures="0" timestamp="30 Oct 2017 04:23:40 GMT" time="34.180" errors="0">
  <testcase name="testLoginPage" time="34.180" classname="testCases.VerifyLoginPage"/>
</testsuite> <!-- testCases.VerifyLoginPage -->
