<?xml version="1.0" encoding="UTF-8"?>
<!-- Generated by org.testng.reporters.JUnitReportReporter -->
<testsuite hostname="USP7L4YMWM32" name="testCases.VerifyHomePage" tests="1" failures="0" timestamp="30 Oct 2017 04:23:40 GMT" time="21.093" errors="0">
  <testcase name="testHomePage" time="21.093" classname="testCases.VerifyHomePage"/>
</testsuite> <!-- testCases.VerifyHomePage -->
