<?xml version="1.0" encoding="UTF-8"?>
<!-- Generated by org.testng.reporters.JUnitReportReporter -->
<testsuite hostname="USP7L4YMWM32" name="testCases.VerifyLoginPageWithReports" tests="1" failures="0" timestamp="30 Oct 2017 05:53:23 GMT" time="37.875" errors="0">
  <testcase name="testLoginPage" time="37.875" classname="testCases.VerifyLoginPageWithReports"/>
</testsuite> <!-- testCases.VerifyLoginPageWithReports -->
